<?xml version='1.0' encoding='UTF-8'?>
<testsuite hostname="dalton-Blade" name="example.ListsSuite" tests="6" errors="0" failures="0" skipped="0" time="0.101" timestamp="2021-03-26T13:47:07">
                     <properties>
[...]
</properties>
                     <testcase classname="example.ListsSuite" name="one plus one is three (0pts)?" time="0.071">
                                                 
                                               </testcase><testcase classname="example.ListsSuite" name="max of a few numbers (10pts)" time="0.024">
                                                 
                                               </testcase><testcase classname="example.ListsSuite" name="intNotZero throws an exception if its argument is 0" time="0.001">
                                                 
                                               </testcase><testcase classname="example.ListsSuite" name="details why one plus one is not three (0pts)" time="0.001">
                                                 
                                               </testcase><testcase classname="example.ListsSuite" name="sum of a few numbers (10pts)" time="0.004">
                                                 
                                               </testcase><testcase classname="example.ListsSuite" name="one plus one is two (0pts)" time="0.0">
                                                 
                                               </testcase>
                     <system-out><![CDATA[]]></system-out>
                     <system-err><![CDATA[]]></system-err>
                   </testsuite>