<?xml version='1.0' encoding='UTF-8'?>
<testsuite hostname="dalton-Blade" name="quickcheck.QuickCheckBinomialHeap" tests="6" errors="1" failures="0" skipped="0" time="-0.006" timestamp="2021-05-22T19:00:25">
                     <properties>
[...]
</properties>
                     <testcase classname="quickcheck.QuickCheckBinomialHeap" name="min1" time="-0.001">
                                                 
                                               </testcase><testcase classname="quickcheck.QuickCheckBinomialHeap" name="gen1" time="-0.001">
                                                 
                                               </testcase><testcase classname="quickcheck.QuickCheckBinomialHeap" name="min2" time="-0.001">
                                                 
                                               </testcase><testcase classname="quickcheck.QuickCheckBinomialHeap" name="gen2" time="-0.001">
                                                 
                                               </testcase><testcase classname="quickcheck.QuickCheckBinomialHeap" name="gen3" time="-0.001">
                                                 
                                               </testcase><testcase classname="quickcheck.QuickCheckBinomialHeap" name="min3" time="-0.001">
                                                 <error message="java.util.NoSuchElementException: min of empty heap" type="sbt.ForkMain$ForkError">sbt.ForkMain$ForkError: java.util.NoSuchElementException: min of empty heap
	at quickcheck.BinomialHeap.findMin(Heap.scala:57)
	at quickcheck.BinomialHeap.findMin$(Heap.scala:56)
	at quickcheck.QuickCheckBinomialHeap$.findMin(QuickCheckSuite.scala:12)
	at quickcheck.QuickCheckBinomialHeap$.findMin(QuickCheckSuite.scala:12)
	at quickcheck.QuickCheckHeap.$anonfun$new$23(QuickCheck.scala:51)
	at quickcheck.QuickCheckHeap.$anonfun$new$23$adapted(QuickCheck.scala:50)
	at org.scalacheck.Prop$.$anonfun$forAll$18(Prop.scala:921)
	at scala.Function1.$anonfun$andThen$1(Function1.scala:85)
	at org.scalacheck.Prop$.$anonfun$forAllShrink$2(Prop.scala:761)
	at org.scalacheck.Prop$.secure(Prop.scala:471)
	at org.scalacheck.Prop$.result$1(Prop.scala:761)
	at org.scalacheck.Prop$.$anonfun$forAllShrink$1(Prop.scala:800)
	at org.scalacheck.Prop$.$anonfun$apply$1(Prop.scala:307)
	at org.scalacheck.PropFromFun.apply(Prop.scala:22)
	at org.scalacheck.Prop$.result$1(Prop.scala:762)
	at org.scalacheck.Prop$.$anonfun$forAllShrink$1(Prop.scala:800)
	at org.scalacheck.Prop$.$anonfun$apply$1(Prop.scala:307)
	at org.scalacheck.PropFromFun.apply(Prop.scala:22)
	at org.scalacheck.Prop$.$anonfun$delay$1(Prop.scala:476)
	at org.scalacheck.Prop$.$anonfun$apply$1(Prop.scala:307)
	at org.scalacheck.PropFromFun.apply(Prop.scala:22)
	at org.scalacheck.Test$.workerFun$1(Test.scala:326)
	at org.scalacheck.Test$.$anonfun$check$1(Test.scala:355)
	at org.scalacheck.Test$.$anonfun$check$1$adapted(Test.scala:355)
	at org.scalacheck.Platform$.runWorkers(Platform.scala:40)
	at org.scalacheck.Test$.check(Test.scala:355)
	at org.scalacheck.ScalaCheckRunner$$anon$2.executeInternal(ScalaCheckFramework.scala:123)
	at org.scalacheck.ScalaCheckRunner$$anon$2.$anonfun$execute$11(ScalaCheckFramework.scala:113)
	at org.scalacheck.ScalaCheckRunner$$anon$2.$anonfun$execute$11$adapted(ScalaCheckFramework.scala:112)
	at scala.collection.IterableOnceOps.foreach(IterableOnce.scala:576)
	at scala.collection.IterableOnceOps.foreach$(IterableOnce.scala:574)
	at scala.collection.AbstractIterable.foreach(Iterable.scala:904)
	at scala.collection.IterableOps$WithFilter.foreach(Iterable.scala:874)
	at org.scalacheck.ScalaCheckRunner$$anon$2.execute(ScalaCheckFramework.scala:112)
	at sbt.ForkMain$Run.lambda$runTest$1(ForkMain.java:304)
	at java.util.concurrent.FutureTask.run(FutureTask.java:266)
	at java.util.concurrent.ThreadPoolExecutor.runWorker(ThreadPoolExecutor.java:1149)
	at java.util.concurrent.ThreadPoolExecutor$Worker.run(ThreadPoolExecutor.java:624)
	at java.lang.Thread.run(Thread.java:748)
</error>
                                               </testcase>
                     <system-out><![CDATA[]]></system-out>
                     <system-err><![CDATA[]]></system-err>
                   </testsuite>